[10-Dec-2025 17:35:55 UTC] PHP Fatal error:  Uncaught TypeError: strpos(): Argument #1 ($haystack) must be of type string, array given in /var/www/html/wp-content/themes/spruce-rock-theme/common.php:242
Stack trace:
#0 /var/www/html/wp-content/themes/spruce-rock-theme/common.php(242): strpos(Array, 'menu-active')
#1 /var/www/html/wp-includes/class-wp-hook.php(341): agregar_home_condicionalmente('<li id="menu-it...', Object(stdClass))
#2 /var/www/html/wp-includes/plugin.php(205): WP_Hook->apply_filters('<li id="menu-it...', Array)
#3 /var/www/html/wp-includes/nav-menu-template.php(272): apply_filters('wp_nav_menu_ite...', '<li id="menu-it...', Object(stdClass))
#4 /var/www/html/wp-content/themes/spruce-rock-theme/parts/barmenu.php(61): wp_nav_menu(Object(stdClass))
#5 /var/www/html/wp-includes/template.php(816): require('/var/www/html/w...')
#6 /var/www/html/wp-includes/template.php(749): load_template('/var/www/html/w...', false, Array)
#7 /var/www/html/wp-includes/general-template.php(206): locate_template(Array, true, false, Array)
#8 /var/www/html/wp-content/themes/spruce-rock-theme/header.php(29): get_template_part('parts/barmenu')
#9 /var/www/html/wp-includes/template.php(814): require_once('/var/www/html/w...')
#10 /var/www/html/wp-includes/template.php(749): load_template('/var/www/html/w...', true, Array)
#11 /var/www/html/wp-includes/general-template.php(48): locate_template(Array, true, true, Array)
#12 /var/www/html/wp-content/themes/spruce-rock-theme/index.php(3): get_header()
#13 /var/www/html/wp-includes/template-loader.php(125): include('/var/www/html/w...')
#14 /var/www/html/wp-blog-header.php(19): require_once('/var/www/html/w...')
#15 /var/www/html/index.php(17): require('/var/www/html/w...')
#16 {main}
  thrown in /var/www/html/wp-content/themes/spruce-rock-theme/common.php on line 242
[10-Dec-2025 17:38:20 UTC] Automatic updates starting...
[10-Dec-2025 17:38:20 UTC]   Automatic plugin updates starting...
[10-Dec-2025 17:38:20 UTC]   Automatic plugin updates complete.
[10-Dec-2025 17:38:21 UTC] Automatic updates complete.
